Using pre-set license
Built from '2020.3/staging' branch; Version is '2020.3.13f1 (71691879b7f5) revision 7432472'; Using compiler version '192528614'; Build Type 'Release'
OS: 'Windows 10 Pro; OS build 19042.1052; Version 2009; 64bit' Language: 'ja' Physical Memory: 16229 MB
BatchMode: 1, IsHumanControllingUs: 0, StartBugReporterOnCrash: 0, Is64bit: 1, IsPro: 0

 COMMAND LINE ARGUMENTS:
C:\Program Files\Unity\Hub\Editor\2020.3.13f1\Editor\Unity.exe
-adb2
-batchMode
-noUpm
-name
AssetImportWorker0
-projectPath
C:/Users/nagan/Desktop/unity/VJ
-logFile
Logs/AssetImportWorker0.log
-srvPort
49361
Successfully changed project path to: C:/Users/nagan/Desktop/unity/VJ
C:/Users/nagan/Desktop/unity/VJ
Using Asset Import Pipeline V2.
Refreshing native plugins compatible for Editor in 31.34 ms, found 2 plugins.
Preloading 0 native plugins for Editor in 0.00 ms.
Initialize engine version: 2020.3.13f1 (71691879b7f5)
[Subsystems] Discovering subsystems at path C:/Program Files/Unity/Hub/Editor/2020.3.13f1/Editor/Data/Resources/UnitySubsystems
[Subsystems] Discovering subsystems at path C:/Users/nagan/Desktop/unity/VJ/Assets
GfxDevice: creating device client; threaded=0
Direct3D:
    Version:  Direct3D 11.0 [level 11.1]
    Renderer: NVIDIA GeForce GTX 1650 with Max-Q Design (ID=0x1f91)
    Vendor:   
    VRAM:     3962 MB
    Driver:   25.21.14.1788
Initialize mono
Mono path[0] = 'C:/Program Files/Unity/Hub/Editor/2020.3.13f1/Editor/Data/Managed'
Mono path[1] = 'C:/Program Files/Unity/Hub/Editor/2020.3.13f1/Editor/Data/MonoBleedingEdge/lib/mono/unityjit'
Mono config path = 'C:/Program Files/Unity/Hub/Editor/2020.3.13f1/Editor/Data/MonoBleedingEdge/etc'
Using monoOptions --debugger-agent=transport=dt_socket,embedding=1,server=y,suspend=n,address=127.0.0.1:56760
Begin MonoManager ReloadAssembly
Registering precompiled unity dll's ...
Register platform support module: C:/Program Files/Unity/Hub/Editor/2020.3.13f1/Editor/Data/PlaybackEngines/WindowsStandaloneSupport/UnityEditor.WindowsStandalone.Extensions.dll
Registered in 0.002292 seconds.
Native extension for WindowsStandalone target not found
Refreshing native plugins compatible for Editor in 26.13 ms, found 2 plugins.
Preloading 0 native plugins for Editor in 0.00 ms.
Mono: successfully reloaded assembly
- Completed reload, in  0.999 seconds
Platform modules already initialized, skipping
Registering precompiled user dll's ...
Registered in 0.004584 seconds.
Begin MonoManager ReloadAssembly
Native extension for WindowsStandalone target not found
Refreshing native plugins compatible for Editor in 0.26 ms, found 2 plugins.
Preloading 0 native plugins for Editor in 0.00 ms.
Mono: successfully reloaded assembly
- Completed reload, in  0.922 seconds
Platform modules already initialized, skipping
========================================================================
Worker process is ready to serve import requests
Launched and connected shader compiler UnityShaderCompiler.exe after 0.05 seconds
Refreshing native plugins compatible for Editor in 0.27 ms, found 2 plugins.
Preloading 0 native plugins for Editor in 0.00 ms.
Unloading 1390 Unused Serialized files (Serialized files now loaded: 0)
System memory in use before: 64.7 MB.
System memory in use after: 64.8 MB.

Unloading 19 unused Assets to reduce memory usage. Loaded Objects now: 1823.
Total: 1.871300 ms (FindLiveObjects: 0.120800 ms CreateObjectMapping: 0.078700 ms MarkObjects: 1.605500 ms  DeleteObjects: 0.065400 ms)

AssetImportParameters requested are different than current active one (requested -> active):
  custom:framework-win-MediaFoundation: 216162199b28c13a410421893ffa2e32 -> 
  custom:video-decoder-ogg-theora: a1e56fd34408186e4bbccfd4996cb3dc -> 
  custom:container-muxer-webm: aa71ff27fc2769a1b78a27578f13a17b -> 
  custom:container-demuxer-webm: 4f35f7cbe854078d1ac9338744f61a02 -> 
  custom:container-demuxer-ogg: 62fdf1f143b41e24485cea50d1cbac27 -> 
  custom:video-encoder-webm-vp8: eb34c28f22e8b96e1ab97ce403110664 -> 
  custom:video-decoder-webm-vp8: 9c59270c3fd7afecdb556c50c9e8de78 -> 
  custom:audio-decoder-ogg-vorbis: bf7c407c2cedff20999df2af8eb42d56 -> 
  custom:audio-encoder-webm-vorbis: bf7c407c2cedff20999df2af8eb42d56 -> 
========================================================================
Received Import Request.
  path: Packages/com.unity.ext.nunit
  artifactKey: Guid(25a477c2f24db8778a4179421a32cc21) Importer(815301076,1909f56bfc062723c751e8b465ee728b)
Start importing Packages/com.unity.ext.nunit using Guid(25a477c2f24db8778a4179421a32cc21) Importer(815301076,1909f56bfc062723c751e8b465ee728b)  -> (artifact id: 'de8b3f671dc9f0a57b867a67d4aae8de') in 0.007439 seconds 
  Import took 0.009302 seconds .

========================================================================
Received Import Request.
  Time since last request: 0.000307 seconds.
  path: Packages/com.unity.ext.nunit/package.json
  artifactKey: Guid(8143d3a8390f2c64685e3bc272bd9e90) Importer(815301076,1909f56bfc062723c751e8b465ee728b)
Start importing Packages/com.unity.ext.nunit/package.json using Guid(8143d3a8390f2c64685e3bc272bd9e90) Importer(815301076,1909f56bfc062723c751e8b465ee728b)  -> (artifact id: '36f449bd9ed4a92e06d659da724da745') in 0.046326 seconds 
  Import took 0.048176 seconds .

========================================================================
Received Import Request.
  Time since last request: 26.428737 seconds.
  path: Packages/com.unity.collab-proxy
  artifactKey: Guid(1adad61bfb44214ee3e887b5febc4396) Importer(815301076,1909f56bfc062723c751e8b465ee728b)
Start importing Packages/com.unity.collab-proxy using Guid(1adad61bfb44214ee3e887b5febc4396) Importer(815301076,1909f56bfc062723c751e8b465ee728b)  -> (artifact id: '7837b352734e5da8176d6703b10e0397') in 0.007062 seconds 
  Import took 0.009475 seconds .

========================================================================
Received Import Request.
  Time since last request: 0.023548 seconds.
  path: Packages/com.unity.collab-proxy/package.json
  artifactKey: Guid(743fda8c4b219c8429fb5a77ede1c879) Importer(815301076,1909f56bfc062723c751e8b465ee728b)
Start importing Packages/com.unity.collab-proxy/package.json using Guid(743fda8c4b219c8429fb5a77ede1c879) Importer(815301076,1909f56bfc062723c751e8b465ee728b)  -> (artifact id: '22711bbe2ecf9b7a08a2aa13e19b453b') in 0.007843 seconds 
  Import took 0.010060 seconds .

========================================================================
Received Prepare
Registering precompiled user dll's ...
Registered in 0.005276 seconds.
Begin MonoManager ReloadAssembly
Native extension for WindowsStandalone target not found
Refreshing native plugins compatible for Editor in 0.35 ms, found 3 plugins.
Preloading 0 native plugins for Editor in 0.00 ms.
Mono: successfully reloaded assembly
- Completed reload, in  1.076 seconds
Platform modules already initialized, skipping
Refreshing native plugins compatible for Editor in 0.28 ms, found 3 plugins.
Preloading 0 native plugins for Editor in 0.00 ms.
Unloading 1403 Unused Serialized files (Serialized files now loaded: 0)
System memory in use before: 65.3 MB.
System memory in use after: 65.3 MB.

Unloading 16 unused Assets to reduce memory usage. Loaded Objects now: 1842.
Total: 2.309300 ms (FindLiveObjects: 0.128900 ms CreateObjectMapping: 0.034700 ms MarkObjects: 2.072200 ms  DeleteObjects: 0.072500 ms)

AssetImportParameters requested are different than current active one (requested -> active):
  custom:framework-win-MediaFoundation: 216162199b28c13a410421893ffa2e32 -> 
  custom:video-decoder-ogg-theora: a1e56fd34408186e4bbccfd4996cb3dc -> 
  custom:container-muxer-webm: aa71ff27fc2769a1b78a27578f13a17b -> 
  custom:container-demuxer-webm: 4f35f7cbe854078d1ac9338744f61a02 -> 
  custom:container-demuxer-ogg: 62fdf1f143b41e24485cea50d1cbac27 -> 
  custom:video-encoder-webm-vp8: eb34c28f22e8b96e1ab97ce403110664 -> 
  custom:video-decoder-webm-vp8: 9c59270c3fd7afecdb556c50c9e8de78 -> 
  custom:audio-decoder-ogg-vorbis: bf7c407c2cedff20999df2af8eb42d56 -> 
  custom:audio-encoder-webm-vorbis: bf7c407c2cedff20999df2af8eb42d56 -> 
========================================================================
Received Import Request.
  Time since last request: 296.826862 seconds.
  path: Packages/jp.keijiro.klak.spout/package.json
  artifactKey: Guid(b14f67c145626ca41bdf7720bad9fc52) Importer(815301076,1909f56bfc062723c751e8b465ee728b)
Start importing Packages/jp.keijiro.klak.spout/package.json using Guid(b14f67c145626ca41bdf7720bad9fc52) Importer(815301076,1909f56bfc062723c751e8b465ee728b)  -> (artifact id: '79e513d326a67909dcf33b1929040bef') in 0.011034 seconds 
  Import took 0.013470 seconds .

========================================================================
Received Import Request.
  Time since last request: 6.335108 seconds.
  path: Packages/jp.keijiro.klak.spout/Editor
  artifactKey: Guid(b8d6350aa7a54634d93678cf9e338599) Importer(815301076,1909f56bfc062723c751e8b465ee728b)
Start importing Packages/jp.keijiro.klak.spout/Editor using Guid(b8d6350aa7a54634d93678cf9e338599) Importer(815301076,1909f56bfc062723c751e8b465ee728b)  -> (artifact id: '1e62cdac05ca7778b0e358ac42350cf1') in 0.007793 seconds 
  Import took 0.010808 seconds .

========================================================================
Received Import Request.
  Time since last request: 0.350936 seconds.
  path: Packages/jp.keijiro.klak.spout/Editor/Klak.Spout.Editor.asmdef
  artifactKey: Guid(21435214e6169c649985b5540a63188a) Importer(815301076,1909f56bfc062723c751e8b465ee728b)
Start importing Packages/jp.keijiro.klak.spout/Editor/Klak.Spout.Editor.asmdef using Guid(21435214e6169c649985b5540a63188a) Importer(815301076,1909f56bfc062723c751e8b465ee728b)  -> (artifact id: '877eacb89e5e385b49dda76103cfd2bf') in 0.014650 seconds 
  Import took 0.016740 seconds .

========================================================================
Received Import Request.
  Time since last request: 0.000313 seconds.
  path: Packages/jp.keijiro.klak.spout/Editor/SpoutResources.asset
  artifactKey: Guid(f449ebbe2051c2e4d993eaa773a410de) Importer(815301076,1909f56bfc062723c751e8b465ee728b)
Start importing Packages/jp.keijiro.klak.spout/Editor/SpoutResources.asset using Guid(f449ebbe2051c2e4d993eaa773a410de) Importer(815301076,1909f56bfc062723c751e8b465ee728b)  -> (artifact id: 'c1dd5942248a91e50a42042643fbc608') in 0.009662 seconds 
  Import took 0.013036 seconds .

========================================================================
Received Import Request.
  Time since last request: 3.284954 seconds.
  path: Packages/jp.keijiro.klak.spout/Editor/SpoutSenderEditor.cs
  artifactKey: Guid(b452d1bad3a57344d9b54f2cea6f252c) Importer(815301076,1909f56bfc062723c751e8b465ee728b)
Start importing Packages/jp.keijiro.klak.spout/Editor/SpoutSenderEditor.cs using Guid(b452d1bad3a57344d9b54f2cea6f252c) Importer(815301076,1909f56bfc062723c751e8b465ee728b)  -> (artifact id: '69cad08267d88ab8befb59599220a3a4') in 0.015498 seconds 
  Import took 0.018247 seconds .

========================================================================
Received Import Request.
  Time since last request: 26.900140 seconds.
  path: Packages/jp.keijiro.klak.spout/Plugin
  artifactKey: Guid(52a684d8086688f419f6ae65f667fdd3) Importer(815301076,1909f56bfc062723c751e8b465ee728b)
Start importing Packages/jp.keijiro.klak.spout/Plugin using Guid(52a684d8086688f419f6ae65f667fdd3) Importer(815301076,1909f56bfc062723c751e8b465ee728b)  -> (artifact id: '2e83bdd308eabdb5aeb5b4da55583ab0') in 0.008310 seconds 
  Import took 0.011082 seconds .

========================================================================
Received Import Request.
  Time since last request: 1.618404 seconds.
  path: Packages/jp.keijiro.klak.spout/Plugin/KlakSpout.dll
  artifactKey: Guid(dc935766d7c9fd44181cb4b58ef3627e) Importer(815301076,1909f56bfc062723c751e8b465ee728b)
Start importing Packages/jp.keijiro.klak.spout/Plugin/KlakSpout.dll using Guid(dc935766d7c9fd44181cb4b58ef3627e) Importer(815301076,1909f56bfc062723c751e8b465ee728b)  -> (artifact id: 'ca0d78728473dfebad22c6a14d9fb7ce') in 0.010759 seconds 
  Import took 0.013195 seconds .

========================================================================
Received Import Request.
  Time since last request: 0.009026 seconds.
  path: Packages/jp.keijiro.klak.spout/Plugin/KlakSpout.dll
  artifactKey: Guid(dc935766d7c9fd44181cb4b58ef3627e) Importer(815301076,1909f56bfc062723c751e8b465ee728b)
Start importing Packages/jp.keijiro.klak.spout/Plugin/KlakSpout.dll using Guid(dc935766d7c9fd44181cb4b58ef3627e) Importer(815301076,1909f56bfc062723c751e8b465ee728b)  -> (artifact id: 'ca0d78728473dfebad22c6a14d9fb7ce') in 0.003024 seconds 
  Import took 0.004972 seconds .

========================================================================
Received Import Request.
  Time since last request: 4.913824 seconds.
  path: Packages/jp.keijiro.klak.spout/Runtime
  artifactKey: Guid(2644ca45e639e424183c45d850424f0d) Importer(815301076,1909f56bfc062723c751e8b465ee728b)
Start importing Packages/jp.keijiro.klak.spout/Runtime using Guid(2644ca45e639e424183c45d850424f0d) Importer(815301076,1909f56bfc062723c751e8b465ee728b)  -> (artifact id: '01e76d3da906a799654baa2855e0b4b5') in 0.007757 seconds 
  Import took 0.009683 seconds .

========================================================================
Received Import Request.
  Time since last request: 0.040103 seconds.
  path: Packages/jp.keijiro.klak.spout/Runtime/Klak.Spout.Runtime.asmdef
  artifactKey: Guid(7cdfac5ef1f961d4ebfe51361a2020bd) Importer(815301076,1909f56bfc062723c751e8b465ee728b)
Start importing Packages/jp.keijiro.klak.spout/Runtime/Klak.Spout.Runtime.asmdef using Guid(7cdfac5ef1f961d4ebfe51361a2020bd) Importer(815301076,1909f56bfc062723c751e8b465ee728b)  -> (artifact id: '799ac6952b449a1d295786c137b57d16') in 0.006501 seconds 
  Import took 0.008803 seconds .

========================================================================
Received Import Request.
  Time since last request: 4.520935 seconds.
  path: Packages/jp.keijiro.klak.spout/Runtime/SpoutSender.cs
  artifactKey: Guid(45099d624c1e6c14e9514f4e5ea1ed9c) Importer(815301076,1909f56bfc062723c751e8b465ee728b)
Start importing Packages/jp.keijiro.klak.spout/Runtime/SpoutSender.cs using Guid(45099d624c1e6c14e9514f4e5ea1ed9c) Importer(815301076,1909f56bfc062723c751e8b465ee728b)  -> (artifact id: 'cbcf79085023a597029646f41b695d9b') in 0.006883 seconds 
  Import took 0.009103 seconds .

========================================================================
Received Import Request.
  Time since last request: 0.000791 seconds.
  path: Packages/jp.keijiro.klak.spout/Runtime/SpoutSender.cs
  artifactKey: Guid(45099d624c1e6c14e9514f4e5ea1ed9c) Importer(815301076,1909f56bfc062723c751e8b465ee728b)
Start importing Packages/jp.keijiro.klak.spout/Runtime/SpoutSender.cs using Guid(45099d624c1e6c14e9514f4e5ea1ed9c) Importer(815301076,1909f56bfc062723c751e8b465ee728b)  -> (artifact id: 'cbcf79085023a597029646f41b695d9b') in 0.003069 seconds 
  Import took 0.005157 seconds .

========================================================================
Received Import Request.
  Time since last request: 2.012749 seconds.
  path: Packages/jp.keijiro.klak.spout/Runtime/SpoutSender_Properties.cs
  artifactKey: Guid(abd4b9ae3ca6fa14298417851dced4cc) Importer(815301076,1909f56bfc062723c751e8b465ee728b)
Start importing Packages/jp.keijiro.klak.spout/Runtime/SpoutSender_Properties.cs using Guid(abd4b9ae3ca6fa14298417851dced4cc) Importer(815301076,1909f56bfc062723c751e8b465ee728b)  -> (artifact id: '71374bc93ba05a87be2884991f8f1c4c') in 0.008279 seconds 
  Import took 0.010913 seconds .

========================================================================
Received Prepare
Registering precompiled user dll's ...
Registered in 0.006524 seconds.
Begin MonoManager ReloadAssembly
Native extension for WindowsStandalone target not found
Refreshing native plugins compatible for Editor in 0.54 ms, found 3 plugins.
Preloading 0 native plugins for Editor in 0.00 ms.
Mono: successfully reloaded assembly
- Completed reload, in  1.901 seconds
Platform modules already initialized, skipping
Refreshing native plugins compatible for Editor in 0.39 ms, found 3 plugins.
Preloading 0 native plugins for Editor in 0.00 ms.
Unloading 1403 Unused Serialized files (Serialized files now loaded: 0)
System memory in use before: 65.3 MB.
System memory in use after: 65.3 MB.

Unloading 16 unused Assets to reduce memory usage. Loaded Objects now: 1845.
Total: 2.934400 ms (FindLiveObjects: 0.196000 ms CreateObjectMapping: 0.063800 ms MarkObjects: 2.569700 ms  DeleteObjects: 0.102800 ms)

AssetImportParameters requested are different than current active one (requested -> active):
  custom:framework-win-MediaFoundation: 216162199b28c13a410421893ffa2e32 -> 
  custom:video-decoder-ogg-theora: a1e56fd34408186e4bbccfd4996cb3dc -> 
  custom:container-muxer-webm: aa71ff27fc2769a1b78a27578f13a17b -> 
  custom:container-demuxer-webm: 4f35f7cbe854078d1ac9338744f61a02 -> 
  custom:container-demuxer-ogg: 62fdf1f143b41e24485cea50d1cbac27 -> 
  custom:video-encoder-webm-vp8: eb34c28f22e8b96e1ab97ce403110664 -> 
  custom:video-decoder-webm-vp8: 9c59270c3fd7afecdb556c50c9e8de78 -> 
  custom:audio-decoder-ogg-vorbis: bf7c407c2cedff20999df2af8eb42d56 -> 
  custom:audio-encoder-webm-vorbis: bf7c407c2cedff20999df2af8eb42d56 -> 
========================================================================
Received Prepare
Registering precompiled user dll's ...
Registered in 0.007279 seconds.
Begin MonoManager ReloadAssembly
Native extension for WindowsStandalone target not found
Refreshing native plugins compatible for Editor in 0.56 ms, found 3 plugins.
Preloading 0 native plugins for Editor in 0.00 ms.
Mono: successfully reloaded assembly
- Completed reload, in  1.621 seconds
Platform modules already initialized, skipping
Refreshing native plugins compatible for Editor in 0.45 ms, found 3 plugins.
Preloading 0 native plugins for Editor in 0.00 ms.
Unloading 1403 Unused Serialized files (Serialized files now loaded: 0)
System memory in use before: 65.4 MB.
System memory in use after: 65.3 MB.

Unloading 16 unused Assets to reduce memory usage. Loaded Objects now: 1848.
Total: 3.755200 ms (FindLiveObjects: 0.295500 ms CreateObjectMapping: 0.099400 ms MarkObjects: 3.218700 ms  DeleteObjects: 0.139300 ms)

AssetImportParameters requested are different than current active one (requested -> active):
  custom:framework-win-MediaFoundation: 216162199b28c13a410421893ffa2e32 -> 
  custom:video-decoder-ogg-theora: a1e56fd34408186e4bbccfd4996cb3dc -> 
  custom:container-muxer-webm: aa71ff27fc2769a1b78a27578f13a17b -> 
  custom:container-demuxer-webm: 4f35f7cbe854078d1ac9338744f61a02 -> 
  custom:container-demuxer-ogg: 62fdf1f143b41e24485cea50d1cbac27 -> 
  custom:video-encoder-webm-vp8: eb34c28f22e8b96e1ab97ce403110664 -> 
  custom:video-decoder-webm-vp8: 9c59270c3fd7afecdb556c50c9e8de78 -> 
  custom:audio-decoder-ogg-vorbis: bf7c407c2cedff20999df2af8eb42d56 -> 
  custom:audio-encoder-webm-vorbis: bf7c407c2cedff20999df2af8eb42d56 -> 
========================================================================
Received Prepare
Registering precompiled user dll's ...
Registered in 0.026430 seconds.
Begin MonoManager ReloadAssembly
Native extension for WindowsStandalone target not found
Refreshing native plugins compatible for Editor in 271.35 ms, found 3 plugins.
Preloading 0 native plugins for Editor in 0.00 ms.
Mono: successfully reloaded assembly
- Completed reload, in  4.286 seconds
Platform modules already initialized, skipping
Shader 'HDRP/TerrainLit': dependency 'BaseMapGenShader' shader 'Hidden/HDRP/TerrainLit_BasemapGen' not found
Refreshing native plugins compatible for Editor in 1.50 ms, found 3 plugins.
Preloading 0 native plugins for Editor in 0.00 ms.
Unloading 3453 Unused Serialized files (Serialized files now loaded: 0)
System memory in use before: 145.8 MB.
System memory in use after: 137.9 MB.

Unloading 110 unused Assets to reduce memory usage. Loaded Objects now: 3807.
Total: 17.386300 ms (FindLiveObjects: 0.639700 ms CreateObjectMapping: 0.573200 ms MarkObjects: 4.193200 ms  DeleteObjects: 11.976900 ms)

AssetImportParameters requested are different than current active one (requested -> active):
  custom:framework-win-MediaFoundation: 216162199b28c13a410421893ffa2e32 -> 
  custom:video-decoder-ogg-theora: a1e56fd34408186e4bbccfd4996cb3dc -> 
  custom:container-muxer-webm: aa71ff27fc2769a1b78a27578f13a17b -> 
  custom:container-demuxer-webm: 4f35f7cbe854078d1ac9338744f61a02 -> 
  custom:container-demuxer-ogg: 62fdf1f143b41e24485cea50d1cbac27 -> 
  custom:video-encoder-webm-vp8: eb34c28f22e8b96e1ab97ce403110664 -> 
  custom:video-decoder-webm-vp8: 9c59270c3fd7afecdb556c50c9e8de78 -> 
  custom:audio-decoder-ogg-vorbis: bf7c407c2cedff20999df2af8eb42d56 -> 
  custom:audio-encoder-webm-vorbis: bf7c407c2cedff20999df2af8eb42d56 -> 
========================================================================
Received Prepare
Registering precompiled user dll's ...
Registered in 0.021125 seconds.
Begin MonoManager ReloadAssembly
Native extension for WindowsStandalone target not found
Refreshing native plugins compatible for Editor in 0.98 ms, found 3 plugins.
Preloading 0 native plugins for Editor in 0.00 ms.
Mono: successfully reloaded assembly
- Completed reload, in  2.676 seconds
Platform modules already initialized, skipping
Switching build target platform(19) subTarget(0) extendedPlatform(0) -> platform(21) subTarget(0) extendedPlatform(0)
Refreshing native plugins compatible for Editor in 3.05 ms, found 3 plugins.
Preloading 0 native plugins for Editor in 0.00 ms.
Unloading 3457 Unused Serialized files (Serialized files now loaded: 0)
System memory in use before: 146.3 MB.
System memory in use after: 138.4 MB.

Unloading 110 unused Assets to reduce memory usage. Loaded Objects now: 3810.
Total: 108.838400 ms (FindLiveObjects: 9.785900 ms CreateObjectMapping: 5.090900 ms MarkObjects: 32.094200 ms  DeleteObjects: 61.863400 ms)

AssetImportParameters requested are different than current active one (requested -> active):
  custom:framework-win-MediaFoundation: 216162199b28c13a410421893ffa2e32 -> 
  custom:video-decoder-ogg-theora: a1e56fd34408186e4bbccfd4996cb3dc -> 
  custom:container-muxer-webm: aa71ff27fc2769a1b78a27578f13a17b -> 
  custom:container-demuxer-webm: 4f35f7cbe854078d1ac9338744f61a02 -> 
  custom:container-demuxer-ogg: 62fdf1f143b41e24485cea50d1cbac27 -> 
  custom:video-encoder-webm-vp8: eb34c28f22e8b96e1ab97ce403110664 -> 
  custom:video-decoder-webm-vp8: 9c59270c3fd7afecdb556c50c9e8de78 -> 
  custom:audio-decoder-ogg-vorbis: bf7c407c2cedff20999df2af8eb42d56 -> 
  custom:audio-encoder-webm-vorbis: bf7c407c2cedff20999df2af8eb42d56 -> 
========================================================================
Received Prepare
Refreshing native plugins compatible for Editor in 189.10 ms, found 3 plugins.
Preloading 0 native plugins for Editor in 0.00 ms.
Unloading 108 Unused Serialized files (Serialized files now loaded: 0)
System memory in use before: 80.2 MB.
System memory in use after: 72.3 MB.

Unloading 108 unused Assets to reduce memory usage. Loaded Objects now: 3810.
Total: 171.065700 ms (FindLiveObjects: 18.092700 ms CreateObjectMapping: 3.369400 ms MarkObjects: 54.380700 ms  DeleteObjects: 95.219100 ms)

AssetImportParameters requested are different than current active one (requested -> active):
  custom:framework-win-MediaFoundation: 216162199b28c13a410421893ffa2e32 -> 
  custom:video-decoder-ogg-theora: a1e56fd34408186e4bbccfd4996cb3dc -> 
  custom:container-muxer-webm: aa71ff27fc2769a1b78a27578f13a17b -> 
  custom:container-demuxer-webm: 4f35f7cbe854078d1ac9338744f61a02 -> 
  custom:container-demuxer-ogg: 62fdf1f143b41e24485cea50d1cbac27 -> 
  custom:video-encoder-webm-vp8: eb34c28f22e8b96e1ab97ce403110664 -> 
  custom:video-decoder-webm-vp8: 9c59270c3fd7afecdb556c50c9e8de78 -> 
  custom:audio-decoder-ogg-vorbis: bf7c407c2cedff20999df2af8eb42d56 -> 
  custom:audio-encoder-webm-vorbis: bf7c407c2cedff20999df2af8eb42d56 -> 
========================================================================
Received Prepare
Refreshing native plugins compatible for Editor in 9.14 ms, found 3 plugins.
Preloading 0 native plugins for Editor in 0.00 ms.
Unloading 108 Unused Serialized files (Serialized files now loaded: 0)
System memory in use before: 80.2 MB.
System memory in use after: 72.3 MB.

Unloading 108 unused Assets to reduce memory usage. Loaded Objects now: 3810.
Total: 14.252200 ms (FindLiveObjects: 0.483300 ms CreateObjectMapping: 0.373200 ms MarkObjects: 4.374800 ms  DeleteObjects: 9.018400 ms)

AssetImportParameters requested are different than current active one (requested -> active):
  colorSpace: 1 -> 0
  custom:framework-win-MediaFoundation: 216162199b28c13a410421893ffa2e32 -> 
  custom:video-decoder-ogg-theora: a1e56fd34408186e4bbccfd4996cb3dc -> 
  custom:container-muxer-webm: aa71ff27fc2769a1b78a27578f13a17b -> 
  custom:container-demuxer-webm: 4f35f7cbe854078d1ac9338744f61a02 -> 
  custom:container-demuxer-ogg: 62fdf1f143b41e24485cea50d1cbac27 -> 
  custom:video-encoder-webm-vp8: eb34c28f22e8b96e1ab97ce403110664 -> 
  custom:video-decoder-webm-vp8: 9c59270c3fd7afecdb556c50c9e8de78 -> 
  custom:audio-decoder-ogg-vorbis: bf7c407c2cedff20999df2af8eb42d56 -> 
  custom:audio-encoder-webm-vorbis: bf7c407c2cedff20999df2af8eb42d56 -> 
========================================================================
Received Import Request.
  Time since last request: 1402.921210 seconds.
  path: Packages/com.unity.render-pipelines.high-definition/package.json
  artifactKey: Guid(6f54db4299717fc4ca37866c6afa0905) Importer(815301076,1909f56bfc062723c751e8b465ee728b)
Start importing Packages/com.unity.render-pipelines.high-definition/package.json using Guid(6f54db4299717fc4ca37866c6afa0905) Importer(815301076,1909f56bfc062723c751e8b465ee728b)  -> (artifact id: 'f67aff47d846ccd3e6c1997ff535058f') in 0.134046 seconds 
  Import took 0.180043 seconds .

========================================================================
Received Import Request.
  Time since last request: 1.840488 seconds.
  path: Packages/com.unity.render-pipelines.high-definition-config/package.json
  artifactKey: Guid(af6e0e6bb9a468845bfb9c9381e3219b) Importer(815301076,1909f56bfc062723c751e8b465ee728b)
Start importing Packages/com.unity.render-pipelines.high-definition-config/package.json using Guid(af6e0e6bb9a468845bfb9c9381e3219b) Importer(815301076,1909f56bfc062723c751e8b465ee728b)  -> (artifact id: '33c521735dc957cf2a2756e4fcfd0eb4') in 0.024471 seconds 
  Import took 0.044596 seconds .

========================================================================
Received Import Request.
  Time since last request: 3.818751 seconds.
  path: Assets/Scenes/Main.unity
  artifactKey: Guid(9fc0d4010bbf28b4594072e72b8655ab) Importer(815301076,1909f56bfc062723c751e8b465ee728b)
Start importing Assets/Scenes/Main.unity using Guid(9fc0d4010bbf28b4594072e72b8655ab) Importer(815301076,1909f56bfc062723c751e8b465ee728b)  -> (artifact id: '0b14a126026ef3229e649c26558f1325') in 0.030440 seconds 
  Import took 0.048455 seconds .

